<?xml version="1.0" encoding="UTF-8"?>
<!-- Generated by org.testng.reporters.JUnitReportReporter -->
<testsuite skipped="0" hostname="Nicks-MacBook-Pro.local" name="test.TestDatabase" tests="20" failures="0" timestamp="20 Nov 2016 21:25:06 GMT" time="11.440" errors="0">
  <testcase name="test03_addCustomers" time="1.355" classname="test.TestDatabase"/>
  <testcase name="test15_averageCostProductYear" time="0.039" classname="test.TestDatabase"/>
  <testcase name="test11_getCustomerWhoPurchasedAllColor" time="0.168" classname="test.TestDatabase"/>
  <testcase name="test16_switchTSandQC" time="0.216" classname="test.TestDatabase"/>
  <testcase name="test06_addAccidents" time="0.147" classname="test.TestDatabase"/>
  <testcase name="test20_Error" time="0.258" classname="test.TestDatabase"/>
  <testcase name="test19_export" time="0.115" classname="test.TestDatabase"/>
  <testcase name="test04_addAccounts" time="0.502" classname="test.TestDatabase"/>
  <testcase name="test02_addProducts" time="0.810" classname="test.TestDatabase"/>
  <testcase name="test08_getProductsMadeByWorker" time="0.337" classname="test.TestDatabase"/>
  <testcase name="test14_customersPurchasedOwn" time="0.078" classname="test.TestDatabase"/>
  <testcase name="test12_getWorkDaysLostFromRepairs" time="0.037" classname="test.TestDatabase"/>
  <testcase name="test01_addEmployees" time="0.517" classname="test.TestDatabase"/>
  <testcase name="test09_getErrorByQC" time="0.273" classname="test.TestDatabase"/>
  <testcase name="test10_getCostProduct3RepairedBy" time="0.109" classname="test.TestDatabase"/>
  <testcase name="test05_addComplaints" time="0.215" classname="test.TestDatabase"/>
  <testcase name="test13_getAllCustomersWhoAreWorkers" time="0.086" classname="test.TestDatabase"/>
  <testcase name="test17_deleteAccidentsInRange" time="0.127" classname="test.TestDatabase"/>
  <testcase name="test21_quit" time="5.921" classname="test.TestDatabase"/>
  <testcase name="test07_getDateAndTimeForProduct" time="0.130" classname="test.TestDatabase"/>
</testsuite> <!-- test.TestDatabase -->
