<?xml version="1.0" encoding="UTF-8"?>
<!-- Generated by org.testng.reporters.JUnitReportReporter -->
<testsuite skipped="0" hostname="Nicks-MacBook-Pro.local" name="test.TestDatabase" tests="20" failures="0" timestamp="20 Nov 2016 22:40:44 GMT" time="17.159" errors="0">
  <testcase name="test03_addCustomers" time="3.135" classname="test.TestDatabase"/>
  <testcase name="test15_averageCostProductYear" time="0.045" classname="test.TestDatabase"/>
  <testcase name="test21_quit" time="3.086" classname="test.TestDatabase"/>
  <testcase name="test11_getCustomerWhoPurchasedAllColor" time="0.214" classname="test.TestDatabase"/>
  <testcase name="test16_switchTSandQC" time="0.274" classname="test.TestDatabase"/>
  <testcase name="test06_addAccidents" time="0.252" classname="test.TestDatabase"/>
  <testcase name="test20_Error" time="0.351" classname="test.TestDatabase"/>
  <testcase name="test19_export" time="0.193" classname="test.TestDatabase"/>
  <testcase name="test04_addAccounts" time="1.422" classname="test.TestDatabase"/>
  <testcase name="test02_addProducts" time="4.719" classname="test.TestDatabase"/>
  <testcase name="test08_getProductsMadeByWorker" time="0.341" classname="test.TestDatabase"/>
  <testcase name="test14_customersPurchasedOwn" time="0.103" classname="test.TestDatabase"/>
  <testcase name="test12_getWorkDaysLostFromRepairs" time="0.043" classname="test.TestDatabase"/>
  <testcase name="test01_addEmployees" time="1.579" classname="test.TestDatabase"/>
  <testcase name="test09_getErrorByQC" time="0.275" classname="test.TestDatabase"/>
  <testcase name="test10_getCostProduct3RepairedBy" time="0.279" classname="test.TestDatabase"/>
  <testcase name="test05_addComplaints" time="0.362" classname="test.TestDatabase"/>
  <testcase name="test13_getAllCustomersWhoAreWorkers" time="0.193" classname="test.TestDatabase"/>
  <testcase name="test17_deleteAccidentsInRange" time="0.166" classname="test.TestDatabase"/>
  <testcase name="test07_getDateAndTimeForProduct" time="0.127" classname="test.TestDatabase"/>
</testsuite> <!-- test.TestDatabase -->
